2022-12-17 00:06:49 INFO - Starting Appium Server!
2022-12-17 00:07:33 INFO - Stopping appium server!
2022-12-17 00:07:33 INFO - Android driver closed!
2022-12-17 00:28:24 INFO - Starting Appium Server!
2022-12-17 00:28:35 INFO - Stopping appium server!
2022-12-17 00:29:23 INFO - Starting Appium Server!
2022-12-17 00:29:34 INFO - Stopping appium server!
2022-12-17 00:30:10 INFO - Starting Appium Server!
2022-12-17 00:30:25 INFO - Stopping appium server!
2022-12-17 00:57:18 INFO - Starting Appium Server!
2022-12-17 00:57:29 INFO - Stopping appium server!
2022-12-17 00:59:11 INFO - Starting Appium Server!
2022-12-17 00:59:21 INFO - Stopping appium server!
2022-12-17 01:00:16 INFO - Starting Appium Server!
2022-12-17 01:00:29 INFO - Stopping appium server!
2022-12-17 01:01:13 INFO - Starting Appium Server!
2022-12-17 01:01:25 INFO - Stopping appium server!
2022-12-17 01:06:48 INFO - Starting Appium Server!
2022-12-17 01:07:01 INFO - Stopping appium server!
2022-12-17 01:07:21 INFO - Starting Appium Server!
2022-12-17 01:07:31 INFO - Stopping appium server!
2022-12-17 01:13:52 INFO - Starting Appium Server!
2022-12-17 01:14:03 INFO - Stopping appium server!
2022-12-17 02:35:00 INFO - Starting Appium Server!
2022-12-17 02:35:12 INFO - Stopping appium server!
2022-12-17 02:35:49 INFO - Starting Appium Server!
2022-12-17 02:36:05 ERROR- Element with locator : SAUCELAB_PRODUCT_LIST is not present!
2022-12-17 02:36:05 INFO - Stopping appium server!
2022-12-17 02:36:38 INFO - Starting Appium Server!
2022-12-17 02:36:57 ERROR- Element with locator : SAUCELAB_PRODUCT_LIST is not present!
2022-12-17 02:36:57 INFO - Stopping appium server!
2022-12-17 02:38:03 INFO - Starting Appium Server!
2022-12-17 02:38:24 ERROR- Element with locator : SAUCELAB_PRODUCT_LIST is not present!
2022-12-17 02:38:24 INFO - Stopping appium server!
2022-12-17 02:42:24 INFO - Starting Appium Server!
2022-12-17 02:42:49 ERROR- Element with locator : SAUCELAB_PRODUCT_LIST is not present!
2022-12-17 02:42:49 INFO - Stopping appium server!
2022-12-17 02:43:20 INFO - Starting Appium Server!
2022-12-17 02:43:43 ERROR- Element with locator : SAUCELAB_PRODUCT_LIST is not present!
2022-12-17 02:43:43 INFO - Stopping appium server!
2022-12-17 02:47:51 INFO - Starting Appium Server!
2022-12-17 02:48:12 ERROR- Element with locator : SAUCELAB_PRODUCT_LIST is not present!
2022-12-17 02:48:12 INFO - Stopping appium server!
2022-12-17 02:50:19 INFO - Starting Appium Server!
2022-12-17 02:50:37 INFO - Stopping appium server!
2022-12-18 15:02:36 INFO - Starting Appium Server!
2022-12-18 15:02:58 INFO - Stopping appium server!
2022-12-18 15:03:23 INFO - Starting Appium Server!
2022-12-18 15:03:40 INFO - Stopping appium server!
2022-12-18 15:04:22 INFO - Starting Appium Server!
2022-12-18 15:04:35 INFO - Stopping appium server!
2022-12-18 15:05:58 INFO - Starting Appium Server!
2022-12-18 15:06:11 INFO - Stopping appium server!
2022-12-18 15:07:43 INFO - Starting Appium Server!
2022-12-18 15:08:21 INFO - Stopping appium server!
2022-12-18 15:10:08 INFO - Starting Appium Server!
2022-12-18 15:10:24 INFO - Stopping appium server!
2022-12-18 15:10:51 INFO - Starting Appium Server!
2022-12-18 15:11:08 INFO - Stopping appium server!
2022-12-18 15:11:38 INFO - Starting Appium Server!
2022-12-18 15:11:54 INFO - Stopping appium server!
2022-12-18 15:13:04 INFO - Starting Appium Server!
2022-12-18 15:15:04 INFO - Starting Appium Server!
2022-12-18 15:15:26 INFO - Stopping appium server!
2022-12-19 01:17:19 INFO - Starting Appium Server!
2022-12-19 01:17:51 INFO - No visible keyboard!
2022-12-19 01:17:55 INFO - No visible keyboard!
2022-12-19 01:17:55 INFO - Stopping appium server!
2022-12-19 01:54:03 INFO - Starting Appium Server!
2022-12-19 01:54:36 INFO - No visible keyboard!
2022-12-19 01:54:39 INFO - No visible keyboard!
2022-12-19 01:54:42 INFO - Stopping appium server!
2022-12-19 01:56:01 INFO - Starting Appium Server!
2022-12-19 01:56:33 INFO - No visible keyboard!
2022-12-19 01:56:36 INFO - No visible keyboard!
2022-12-19 01:56:38 INFO - Stopping appium server!
2022-12-19 02:00:58 INFO - Starting Appium Server!
2022-12-19 02:01:31 INFO - No visible keyboard!
2022-12-19 02:01:34 INFO - No visible keyboard!
2022-12-19 02:01:36 INFO - Stopping appium server!
2022-12-19 02:04:39 INFO - Starting Appium Server!
2022-12-19 02:05:17 INFO - No visible keyboard!
2022-12-19 02:05:21 INFO - No visible keyboard!
2022-12-19 02:05:28 INFO - No visible keyboard!
2022-12-19 02:05:33 INFO - No visible keyboard!
2022-12-19 02:05:37 INFO - No visible keyboard!
2022-12-19 02:05:42 INFO - No visible keyboard!
2022-12-19 02:05:45 INFO - No visible keyboard!
2022-12-19 02:05:49 INFO - No visible keyboard!
2022-12-19 02:05:54 INFO - No visible keyboard!
2022-12-19 02:05:54 INFO - Stopping appium server!
2022-12-19 02:23:27 INFO - Starting Appium Server!
2022-12-19 02:24:41 INFO - Starting Appium Server!
2022-12-19 02:25:16 INFO - No visible keyboard!
2022-12-19 02:25:19 INFO - No visible keyboard!
2022-12-19 02:25:21 INFO - Stopping appium server!
2022-12-19 02:25:46 INFO - Starting Appium Server!
2022-12-19 02:26:15 INFO - No visible keyboard!
2022-12-19 02:26:19 INFO - No visible keyboard!
2022-12-19 02:26:26 INFO - No visible keyboard!
2022-12-19 02:26:30 INFO - No visible keyboard!
2022-12-19 02:26:34 INFO - No visible keyboard!
2022-12-19 02:26:39 INFO - No visible keyboard!
2022-12-19 02:26:43 INFO - No visible keyboard!
2022-12-19 02:26:47 INFO - No visible keyboard!
2022-12-19 02:26:51 INFO - No visible keyboard!
2022-12-19 02:27:11 INFO - Stopping appium server!
2022-12-19 02:28:25 INFO - Starting Appium Server!
2022-12-19 02:28:57 INFO - No visible keyboard!
2022-12-19 02:29:00 INFO - No visible keyboard!
2022-12-19 02:29:02 INFO - Stopping appium server!
2022-12-19 02:29:32 INFO - Starting Appium Server!
2022-12-19 02:30:01 INFO - No visible keyboard!
2022-12-19 02:30:04 INFO - No visible keyboard!
2022-12-19 02:30:06 INFO - Stopping appium server!
2022-12-19 02:31:05 INFO - Starting Appium Server!
2022-12-19 02:31:36 INFO - No visible keyboard!
2022-12-19 02:31:39 INFO - No visible keyboard!
2022-12-19 02:31:46 INFO - No visible keyboard!
2022-12-19 02:31:51 INFO - No visible keyboard!
2022-12-19 02:31:55 INFO - No visible keyboard!
2022-12-19 02:31:59 INFO - No visible keyboard!
2022-12-19 02:32:03 INFO - No visible keyboard!
2022-12-19 02:32:07 INFO - No visible keyboard!
2022-12-19 02:32:11 INFO - No visible keyboard!
2022-12-19 02:32:18 INFO - No visible keyboard!
2022-12-19 02:32:22 INFO - No visible keyboard!
2022-12-19 02:32:26 INFO - No visible keyboard!
2022-12-19 02:32:30 INFO - No visible keyboard!
2022-12-19 02:32:30 INFO - Stopping appium server!
2022-12-19 02:40:00 INFO - Starting Appium Server!
2022-12-19 02:40:31 INFO - No visible keyboard!
2022-12-19 02:40:34 INFO - No visible keyboard!
2022-12-19 02:40:42 INFO - No visible keyboard!
2022-12-19 02:40:46 INFO - No visible keyboard!
2022-12-19 02:40:50 INFO - No visible keyboard!
2022-12-19 02:40:54 INFO - No visible keyboard!
2022-12-19 02:40:58 INFO - No visible keyboard!
2022-12-19 02:41:02 INFO - No visible keyboard!
2022-12-19 02:41:07 INFO - No visible keyboard!
2022-12-19 02:41:14 INFO - No visible keyboard!
2022-12-19 02:41:18 INFO - No visible keyboard!
2022-12-19 02:41:22 INFO - No visible keyboard!
2022-12-19 02:41:26 INFO - No visible keyboard!
2022-12-19 02:41:28 INFO - Stopping appium server!
2022-12-19 02:47:14 INFO - Starting Appium Server!
2022-12-19 02:47:45 INFO - No visible keyboard!
2022-12-19 02:47:49 INFO - No visible keyboard!
2022-12-19 02:47:56 INFO - No visible keyboard!
2022-12-19 02:48:01 INFO - No visible keyboard!
2022-12-19 02:48:05 INFO - No visible keyboard!
2022-12-19 02:48:10 INFO - No visible keyboard!
2022-12-19 02:48:13 INFO - No visible keyboard!
2022-12-19 02:48:17 INFO - No visible keyboard!
2022-12-19 02:48:22 INFO - No visible keyboard!
2022-12-19 02:48:28 INFO - No visible keyboard!
2022-12-19 02:48:32 INFO - No visible keyboard!
2022-12-19 02:48:36 INFO - No visible keyboard!
2022-12-19 02:48:41 INFO - No visible keyboard!
2022-12-19 02:48:44 INFO - Stopping appium server!
2022-12-19 02:59:22 INFO - Starting Appium Server!
2022-12-19 03:00:25 INFO - Starting Appium Server!
2022-12-19 03:01:14 INFO - Stopping appium server!
2022-12-19 03:07:13 INFO - Starting Appium Server!
2022-12-19 03:08:06 INFO - Stopping appium server!
2022-12-19 03:21:56 INFO - Starting Appium Server!
2022-12-19 03:22:19 INFO - Stopping appium server!
2022-12-19 03:51:07 INFO - Starting Appium Server!
2022-12-19 03:51:44 INFO - No visible keyboard!
2022-12-19 03:51:48 INFO - No visible keyboard!
2022-12-19 03:51:54 INFO - No visible keyboard!
2022-12-19 03:51:58 INFO - No visible keyboard!
2022-12-19 03:52:02 INFO - No visible keyboard!
2022-12-19 03:52:07 INFO - No visible keyboard!
2022-12-19 03:52:11 INFO - No visible keyboard!
2022-12-19 03:52:15 INFO - No visible keyboard!
2022-12-19 03:52:19 INFO - No visible keyboard!
2022-12-19 03:52:25 INFO - No visible keyboard!
2022-12-19 03:52:29 INFO - No visible keyboard!
2022-12-19 03:52:33 INFO - No visible keyboard!
2022-12-19 03:52:37 INFO - No visible keyboard!
2022-12-19 03:52:40 INFO - Stopping appium server!
2022-12-19 04:02:36 INFO - Starting Appium Server!
2022-12-19 04:02:58 INFO - Stopping appium server!
2022-12-19 04:03:11 INFO - Starting Appium Server!
2022-12-19 04:03:30 INFO - Starting Appium Server!
2022-12-19 04:03:49 INFO - Stopping appium server!
2022-12-19 04:04:52 INFO - Starting Appium Server!
2022-12-19 04:05:07 INFO - Stopping appium server!
2022-12-19 04:14:27 INFO - Starting Appium Server!
2022-12-19 04:14:49 INFO - Stopping appium server!
2022-12-19 04:15:16 INFO - Starting Appium Server!
2022-12-19 04:15:38 INFO - Stopping appium server!
2022-12-19 04:17:34 INFO - Starting Appium Server!
2022-12-19 04:17:54 ERROR- Element with locator : SAUCELAB_PRODUCT_PRICE is not present!
2022-12-19 04:17:54 INFO - Stopping appium server!
2022-12-19 04:18:43 INFO - Starting Appium Server!
2022-12-19 04:19:08 ERROR- Element with locator : SAUCELAB_PRODUCT_PRICE is not present!
2022-12-19 04:19:08 INFO - Stopping appium server!
2022-12-19 04:19:21 INFO - Starting Appium Server!
2022-12-19 04:19:36 INFO - Stopping appium server!
2022-12-19 04:22:15 INFO - Starting Appium Server!
2022-12-19 04:22:35 INFO - Stopping appium server!
2022-12-19 04:30:13 INFO - Starting Appium Server!
2022-12-19 04:31:19 INFO - Starting Appium Server!
2022-12-19 04:31:39 ERROR- Element with locator : SAUCELAB_PRODUCT_LIST_TITLE is not present!
2022-12-19 04:31:39 INFO - Stopping appium server!
2022-12-19 04:32:16 INFO - Starting Appium Server!
2022-12-19 04:32:49 INFO - No visible keyboard!
2022-12-19 04:32:53 INFO - No visible keyboard!
2022-12-19 04:32:59 INFO - No visible keyboard!
2022-12-19 04:33:04 INFO - No visible keyboard!
2022-12-19 04:33:08 INFO - No visible keyboard!
2022-12-19 04:33:13 INFO - No visible keyboard!
2022-12-19 04:33:17 INFO - No visible keyboard!
2022-12-19 04:33:21 INFO - No visible keyboard!
2022-12-19 04:33:25 INFO - No visible keyboard!
2022-12-19 04:33:32 INFO - No visible keyboard!
2022-12-19 04:33:37 INFO - No visible keyboard!
2022-12-19 04:33:41 INFO - No visible keyboard!
2022-12-19 04:33:45 INFO - No visible keyboard!
2022-12-19 04:33:48 INFO - Stopping appium server!
2022-12-19 04:34:29 INFO - Starting Appium Server!
2022-12-19 04:35:00 INFO - No visible keyboard!
2022-12-19 04:35:05 INFO - No visible keyboard!
2022-12-19 04:35:12 INFO - No visible keyboard!
2022-12-19 04:35:17 INFO - No visible keyboard!
2022-12-19 04:35:21 INFO - No visible keyboard!
2022-12-19 04:35:25 INFO - No visible keyboard!
2022-12-19 04:35:29 INFO - No visible keyboard!
2022-12-19 04:35:33 INFO - No visible keyboard!
2022-12-19 04:35:37 INFO - No visible keyboard!
2022-12-19 04:35:44 INFO - No visible keyboard!
2022-12-19 04:35:48 INFO - No visible keyboard!
2022-12-19 04:35:52 INFO - No visible keyboard!
2022-12-19 04:35:56 INFO - No visible keyboard!
2022-12-19 04:35:59 INFO - Stopping appium server!
